#"Time (ps)","Potential Energy (kJ/mole)","Kinetic Energy (kJ/mole)","Total Energy (kJ/mole)","Temperature (K)","Speed (ns/day)"
10.00000000000073,-18741.634792824374,5450.861286673242,-13290.773506151132,290.8819755280643,0
19.99999999999874,-18871.47400711686,5620.334957228685,-13251.139049888174,299.2322758531869,27.5
29.999999999975433,-19316.330798082203,5604.408336725594,-13711.922461356608,298.877769463543,27.5
40.00000000000897,-19128.46069484206,5692.490616119551,-13435.970078722508,302.48563751322126,27.5
50.000000000056716,-18880.65354805673,5615.051685343675,-13265.601862713054,298.01773420596754,27.5
60.000000000104464,-19290.706977791397,5498.387205529762,-13792.319772261635,292.799457657178,27.5
70.00000000015221,-19116.34909310878,5369.989017244009,-13746.36007586477,286.00935453869147,27.6
80.00000000019996,-19129.785846517454,5745.582015409582,-13384.203831107872,304.8335152494484,27.6
90.00000000024771,-19406.111375760684,5469.61558289229,-13936.495792868394,290.5650470108365,27.6
100.00000000029546,-19385.696320780145,5577.527039224142,-13808.169281556004,297.3076924208942,27.6
110.0000000003432,-19160.798723305023,5700.306783158959,-13460.491940146065,303.79315563169354,27.7
120.00000000039095,-19099.282122763732,5603.292385118437,-13495.989737645295,298.11341508304656,27.7
130.00000000038185,-18943.404807678213,5679.7338272757615,-13263.67098040245,302.8692458604231,27.7
140.00000000014538,-19305.910286112536,5488.542060272153,-13817.368225840382,293.7562846429286,27.7
149.9999999999089,-19211.579228705228,5604.014318207447,-13607.564910497782,299.1304948743388,27.7
159.99999999967244,-19122.75142445062,5828.540979327939,-13294.21044512268,311.2200984774827,27.7
169.99999999943597,-18819.502338535734,5820.344627750782,-12999.157710784952,310.4295930596215,27.7
179.9999999991995,-19238.294838230482,5537.936669154113,-13700.35816907637,295.0561582560835,27.7
189.99999999896303,-19092.15756247068,5635.190656444618,-13456.96690602606,300.22760584429415,27.7
199.99999999872657,-19034.368618975455,5476.935615504282,-13557.433003471173,291.60492865530455,27.7
209.9999999984901,-18651.04921241836,5484.474905151929,-13166.57430726643,293.31337444734356,27.7
219.99999999825363,-19360.77741431825,5584.706179173233,-13776.071235145017,298.23639532733694,27.7
229.99999999801716,-18960.180272064634,5641.580387854663,-13318.59988420997,299.4083696386582,27.7
239.9999999977807,-19169.22792461744,5845.512498347964,-13323.715426269477,311.5846873778076,27.7
249.99999999754422,-19269.1801269664,5594.491978166172,-13674.688148800227,298.328080698125,27.8
259.9999999973078,-19439.96517129662,5556.320264336197,-13883.64490696042,296.6361577072387,27.8
269.9999999970713,-19155.759209864915,5527.099167160049,-13628.660042704865,294.8867445650475,27.8
279.99999999683484,-19113.675726669862,5810.1127167399145,-13303.563009929949,309.5622790683956,27.8
289.9999999965984,-19024.34197563929,5542.1511612101485,-13482.190814429141,294.2378458602249,27.8
299.9999999963619,-18874.599325402316,5504.764548079167,-13369.834777323149,294.1525993090703,27.8
309.99999999612544,-19307.257497393693,5529.896975719402,-13777.36052167429,295.28755759946114,27.8
319.99999999588897,-18941.828847113968,5482.307781015186,-13459.521066098781,292.03456420398385,27.8
329.9999999956525,-19291.55008777967,5421.777910930242,-13869.772176849427,289.1223851676134,27.8
339.99999999541603,-19397.717679789905,5817.218950195189,-13580.498729594716,310.16009222902284,27.8
349.99999999517956,-19026.97031917646,5660.82092313133,-13366.14939604513,302.55486398964644,27.8
359.9999999949431,-19144.675864126544,5515.104154199212,-13629.571709927332,293.54250717329506,27.8
369.9999999947066,-19222.02732645232,5590.8963069355505,-13631.13101951677,298.5331825721575,27.8
379.99999999447016,-19092.93418323897,5489.9813769997345,-13602.952806239235,291.9013288240475,27.8
389.9999999942337,-19063.698080587623,5468.168502489119,-13595.529578098503,291.9664063551283,27.8
399.9999999939972,-19086.952259491067,5482.191068915687,-13604.76119057538,293.758939867012,27.8
409.99999999376075,-19039.46631284337,5450.284261805853,-13589.182051037518,290.37358813437294,27.8
419.9999999935243,-18996.75213485618,5353.82924550234,-13642.922889353838,286.20122137465586,27.8
429.9999999932878,-19144.559754645994,5477.550922896335,-13667.00883174966,292.1473672955028,27.8
439.99999999305135,-18950.74789511793,5572.615180122248,-13378.132714995681,297.24341574657944,27.8
449.9999999928149,-18988.729693314228,5556.068744697502,-13432.660948616725,295.4832423021554,27.8
459.9999999925784,-19039.061844540924,5546.253711115212,-13492.808133425711,296.06342178785127,27.8
469.99999999234194,-18977.3940094847,5480.974986655146,-13496.419022829552,291.94103735957066,27.8
479.9999999921055,-19175.322574016714,5615.3961459543425,-13559.926428062372,298.8168841015105,27.8
489.999999991869,-19081.453982480663,5529.123222584957,-13552.330759895707,293.1982763571317,27.8
499.99999999163254,-19095.747636727243,5470.121809867056,-13625.625826860187,291.2792151515985,27.8
509.99999999139607,-19190.268408334352,5708.267261360255,-13482.001146974097,305.6448938222184,27.8
519.9999999911596,-19161.526468053285,5433.175304162583,-13728.351163890702,289.9244896374187,27.8
529.9999999909231,-19308.874200328548,5459.743518960615,-13849.130681367933,293.4294522583547,27.8
539.9999999906867,-18952.61682322336,5601.563963247382,-13351.052859975978,298.74564234766115,27.8
549.9999999904502,-18983.650089839288,5571.28249279168,-13412.367597047607,296.31600641078467,27.8
559.9999999902137,-18985.1329415708,5604.752340529975,-13380.380601040823,299.26799372569826,27.8
569.9999999899773,-19012.0119316453,5680.559461175692,-13331.452470469605,302.6919532633458,27.8
579.9999999897408,-19119.26189763911,5410.9530782140655,-13708.308819425045,288.55906597374207,27.8
589.9999999895043,-19373.33949165818,5690.217681949558,-13683.12180970862,302.4081173411901,27.8
599.9999999892678,-19097.772774512567,5657.86459547447,-13439.908179038097,302.4205975559777,27.8
609.9999999890314,-19167.695245048144,5546.404823585704,-13621.29042146244,295.80585940781833,27.8
619.9999999887949,-19173.129431454872,5319.8346902945,-13853.29474116037,283.39729487537124,27.8
629.9999999885584,-18964.549482207305,5521.889473254447,-13442.660008952858,294.735395646499,27.7
639.999999988322,-18924.73090588611,5573.452455866211,-13351.2784500199,296.26811237472543,27.7
649.9999999880855,-19152.8928343742,5707.064726108807,-13445.828108265394,304.6354080976957,27.7
659.999999987849,-19017.590966798794,5626.294658694982,-13391.296308103812,299.2339335199144,27.7
669.9999999876126,-19093.371675159735,5496.588597980625,-13596.783077179109,293.71951716700346,27.7
679.9999999873761,-19241.62745391384,5618.678196443897,-13622.949257469943,299.0361663973703,27.7
689.9999999871396,-19219.686959331073,5391.593662283293,-13828.09329704778,287.8303484895264,27.7
699.9999999869032,-19202.455817577284,5584.344643309319,-13618.111174267964,297.2696828843707,27.7
709.9999999866667,-19173.29504443813,5541.934424681856,-13631.360619756275,295.6923254061545,27.7
719.9999999864302,-18766.390066022468,5581.2954901183275,-13185.09457590414,296.5253423547013,27.7
729.9999999861938,-19184.059216344554,5558.401421738969,-13625.657794605586,296.8138755794922,27.7
739.9999999859573,-18937.012648592474,5451.686819007839,-13485.325829584635,292.1049933507247,27.7
749.9999999857208,-19133.258761198253,5577.12998456933,-13556.128776628922,297.291456484889,27.7
759.9999999854844,-19157.683594233225,5530.508935660987,-13627.17465857224,294.78746585076766,27.7
769.9999999852479,-19152.191378752777,5426.732911973907,-13725.45846677887,289.56549266807696,27.7
779.9999999850114,-19188.953645311543,5583.110009180347,-13605.843636131196,296.4389157750736,27.7
789.999999984775,-19077.450509945356,5740.132038428609,-13337.318471516748,305.11525013273274,27.7
799.9999999845385,-19538.415779051276,5695.516932117844,-13842.898846933433,303.9569222486206,27.7
809.999999984302,-19177.29994385615,5439.5047218686595,-13737.79522198749,289.4600366083538,27.7
819.9999999840655,-19346.357249587836,5510.421826545353,-13835.935423042483,291.9884405117726,27.7
829.9999999838291,-18976.48789211906,5745.058292878381,-13231.42959924068,307.9041344026272,27.7
839.9999999835926,-19274.72389077384,5620.195732176143,-13654.528158597695,300.4061137428993,27.7
849.9999999833561,-19153.06925980494,5623.374208062559,-13529.69505174238,299.63238022402635,27.7
859.9999999831197,-19392.175338095396,5629.062898385879,-13763.112439709517,301.10034185604934,27.7
869.9999999828832,-19326.563876738266,5711.522454224208,-13615.04142251406,303.5531900514129,27.7
879.9999999826467,-19004.437635631355,5617.249196823148,-13387.188438808207,297.9294013853867,27.7
889.9999999824103,-18838.18504671177,5484.765250122956,-13353.419796588812,291.9399027098138,27.7
899.9999999821738,-18953.777127298865,5517.955319202731,-13435.821808096134,294.8168248838916,27.7
909.9999999819373,-19273.63988101933,5547.17280518909,-13726.467075830242,295.22633588045824,27.7
919.9999999817009,-19340.775698457477,5629.677291673311,-13711.098406784167,300.74150624000185,27.7
929.9999999814644,-19323.46243734533,5664.604157408298,-13658.85827993703,301.17053912922705,27.7
939.9999999812279,-19073.730909250084,5428.039830859282,-13645.691078390802,289.49278610054176,27.7
949.9999999809914,-19091.882796132693,5605.906410891362,-13485.97638524133,298.1935868571179,27.7
959.999999980755,-19006.9187007009,5557.1003377326,-13449.818362968299,296.6377995012955,27.7
969.9999999805185,-19006.401448595145,5536.265012905384,-13470.136435689761,295.85036731730463,27.7
979.999999980282,-19306.188318767374,5490.246605786894,-13815.941712980479,291.7811574810663,27.7
989.9999999800456,-19059.999203582225,5596.872475223387,-13463.126728358839,297.3034278066732,27.7
999.9999999798091,-19156.4242939188,5521.150685000321,-13635.27360891848,293.89879096438466,27.7
1009.9999999795726,-19117.61067013579,5645.305560813396,-13472.305109322393,301.3250389391302,27.7
1019.9999999793362,-19277.787168958374,5562.467534967248,-13715.319633991126,296.4861707172177,27.7
1029.9999999804638,-19353.698523272247,5582.251024941988,-13771.447498330259,297.14353784707794,27.7
1039.999999982501,-18760.027598465753,5538.158973485378,-13221.868624980376,295.1403669200212,27.7
1049.9999999845384,-19031.463508152665,5715.743135152844,-13315.720372999822,304.7742233773497,27.7
1059.9999999865756,-18974.75013769587,5642.965573059985,-13331.784564635887,300.3151515036283,27.7
1069.999999988613,-18768.400404733693,5650.48930108941,-13117.911103644283,301.8114680393349,27.7
1079.9999999906502,-19329.76366298695,5259.60387390666,-14070.159789080288,280.7944983546014,27.7
1089.9999999926874,-19148.59099821828,5625.607950698163,-13522.983047520116,300.01942806353946,27.7
1099.9999999947247,-19233.613998168603,5723.942012506194,-13509.671985662408,303.58905151045263,27.7
1109.999999996762,-18856.135574257052,5534.733113951729,-13321.402460305322,295.7328174492376,27.7
1119.9999999987992,-19105.552824256225,5387.58321136714,-13717.969612889085,286.7238114525904,27.7
1130.0000000008365,-18997.305113111564,5541.351049756067,-13455.954063355497,296.11922549991607,27.7
1140.0000000028738,-19100.583018376637,5556.297900500198,-13544.28511787644,296.5419701838337,27.7
1150.000000004911,-19230.910683447473,5627.328915409631,-13603.581768037842,300.9438526600334,27.7
1160.0000000069483,-18939.484577305717,5261.665711260549,-13677.818866045167,280.58194210463375,27.7
1170.0000000089856,-19109.576838144567,5557.465737626361,-13552.111100518207,295.5934614393837,27.7
1180.0000000110228,-19022.385291781855,5536.2858363149235,-13486.09945546693,294.55736689360634,27.7
1190.0000000130601,-19107.911850563658,5707.324623267352,-13400.587227296306,305.24295712050775,27.7
1200.0000000150974,-19535.11417502793,5364.018878092221,-14171.09529693571,285.97399422384916,27.7
1210.0000000171347,-19415.114842314295,5596.475101618583,-13818.639740695711,298.84270803937545,27.7
1220.000000019172,-19043.507838198748,5724.728696676282,-13318.779141522466,304.38737024184263,27.7
1230.0000000212092,-19268.526750209552,5639.992967199335,-13628.533783010218,300.60375741325004,27.7
1240.0000000232465,-19247.78580021042,5522.734393507154,-13725.051406703264,294.6189910711929,27.7
1250.0000000252837,-19218.89140847827,5597.687367024458,-13621.204041453813,297.6207878696099,27.7
1260.000000027321,-18965.89018364289,5392.377526991624,-13573.512656651264,287.01002009209867,27.7
1270.0000000293583,-19073.71531035007,5793.242881598746,-13280.472428751325,309.5102584014764,27.7
1280.0000000313955,-19467.42664620034,5525.120203332389,-13942.30644286795,294.1238320881743,27.7
1290.0000000334328,-19384.09589527518,5701.703051354955,-13682.392843920225,302.7517288723397,27.7
1300.00000003547,-19129.00661185114,5599.391058106363,-13529.615553744776,298.05985844482626,27.7
1310.0000000375073,-18856.411873549303,5668.828822135771,-13187.583051413532,301.2361961587036,27.7
1320.0000000395446,-19099.683824374686,5602.15388901102,-13497.529935363666,299.3849029855699,27.7
1330.0000000415819,-19153.887005324992,5648.528101957166,-13505.358903367825,300.9621955240609,27.7
1340.0000000436191,-18957.63937302285,5575.351853143494,-13382.287519879355,298.25789734829857,27.7
1350.0000000456564,-19029.56104518266,5664.594421530257,-13364.966623652404,301.7217764149947,27.7
1360.0000000476937,-19194.969389923714,5656.149152517901,-13538.820237405813,302.86048778742713,27.7
1370.000000049731,-18935.998827587584,5594.648619620214,-13341.35020796737,297.9892256887412,27.7
1380.0000000517682,-19322.731177835125,5536.768216519713,-13785.962961315412,296.104782961563,27.7
1390.0000000538055,-19020.882270201306,5473.529076668047,-13547.353193533258,290.87996954624293,27.7
1400.0000000558427,-19104.834381684075,5387.673438449775,-13717.1609432343,287.72700956815163,27.7
1410.00000005788,-19031.922827695496,5489.970295145373,-13541.952532550124,292.5178236295638,27.7
1420.0000000599173,-18978.47631672186,5607.632495505012,-13370.843821216848,299.20999382159545,27.7
1430.0000000619546,-18998.790002168716,5561.552752140697,-13437.23725002802,297.0986465487006,27.7
1440.0000000639918,-19126.91486001965,5466.347181998955,-13660.567678020694,291.7026261545616,27.7
1450.000000066029,-19290.985750983036,5501.942873981928,-13789.04287700111,293.9892659788195,27.7
1460.0000000680664,-19407.759504801288,5555.03893574541,-13852.720569055879,296.4271952405358,27.7
1470.0000000701036,-18992.786691689114,5540.367247695735,-13452.419443993378,294.9388456461506,27.7
1480.000000072141,-19181.331238686507,5699.561790360308,-13481.769448326198,304.1536789691735,27.7
1490.0000000741782,-19062.557075473196,5848.213970948894,-13214.343104524301,310.48008849756496,27.7
1500.0000000762154,-19050.454803659613,5440.578152416834,-13609.87665124278,290.84954082432097,27.7
1510.0000000782527,-19415.636001507293,5764.2248163304985,-13651.411185176796,307.6216803879493,27.7
1520.00000008029,-19012.79047726122,5674.681643151533,-13338.108834109687,302.0196457807382,27.7
1530.0000000823272,-19205.40979627175,5565.146790479598,-13640.263005792152,296.0091841435236,27.7
1540.0000000843645,-19030.042338237312,5662.274087094689,-13367.768251142623,302.27045067524017,27.7
1550.0000000864018,-19199.79555322061,5586.001980737298,-13613.793572483311,297.44273342793514,27.7
1560.000000088439,-19200.505546953973,5491.41385375128,-13709.091693202692,294.1035288197725,27.7
1570.0000000904763,-18914.910783030275,5667.024309316205,-13247.886473714068,302.8449440930312,27.7
1580.0000000925136,-19142.17684694775,5434.1418565172135,-13708.034990430537,291.7457335940824,27.7
1590.0000000945508,-19118.7316164113,5427.269039741032,-13691.462576670267,289.06404724924846,27.7
1600.000000096588,-18960.293276489694,5489.759483102862,-13470.533793386832,293.5115437412471,27.7
1610.0000000986254,-19107.127833929888,5559.368474875875,-13547.759359054013,296.6680055540975,27.7
1620.0000001006626,-19001.89588188885,5704.30254535863,-13297.593336530219,305.05410722493167,27.7
1630.0000001027,-19214.957821176846,5532.941865900478,-13682.015955276369,294.0543008344426,27.7
1640.0000001047372,-19279.513276988055,5497.395852040048,-13782.117424948006,293.2509409996855,27.7
1650.0000001067745,-19410.40817513936,5398.846061151945,-14011.562113987417,288.4514542972689,27.7
1660.0000001088117,-19031.321094366544,5429.724147518327,-13601.596946848216,290.19954359819957,27.7
1670.000000110849,-19552.903233414465,5597.51416410302,-13955.389069311444,299.1839062903442,27.7
1680.0000001128863,-19153.204556304063,5754.25396065187,-13398.950595652193,307.21951890748113,27.7
1690.0000001149235,-19181.25817796964,5397.600292492706,-13783.657885476936,286.6077484598091,27.7
1700.0000001169608,-19187.991582467894,5405.328573591257,-13782.663008876636,288.2165767919874,27.7
1710.000000118998,-19380.869468341087,5680.827265938769,-13700.042202402317,302.5890042298993,27.7
1720.0000001210353,-19363.691691015756,5652.214425095352,-13711.477265920403,301.2781451753059,27.7
1730.0000001230726,-19318.640575780555,5632.836958029526,-13685.80361775103,298.9379171470799,27.7
1740.0000001251099,-19092.47547447562,5548.047544936261,-13544.42792953936,295.32084888056175,27.7
1750.0000001271471,-19178.31844299877,5701.854898047077,-13476.463544951694,303.078524566179,27.7
1760.0000001291844,-19085.031809041193,5695.208890513179,-13389.822918528014,303.17026531769073,27.7
1770.0000001312217,-19109.805930657054,5465.0747040954775,-13644.731226561576,291.91983381786537,27.7
1780.000000133259,-19372.598689335813,5308.858800342626,-14063.739888993186,282.4808052335257,27.7
1790.0000001352962,-19243.264632820505,5580.994905081773,-13662.26972773873,297.48156280069173,27.7
1800.0000001373335,-19077.934629730724,5635.517662432086,-13442.416967298639,299.6110905574006,27.7
1810.0000001393707,-19426.517558905747,5436.595036855264,-13989.922522050483,291.1271053240231,27.7
1820.000000141408,-19204.757466958865,5665.353820668253,-13539.403646290612,301.33383321514475,27.7
1830.0000001434453,-19337.063231874927,5809.040088529666,-13528.02314334526,309.8046521968889,27.7
1840.0000001454825,-19192.58909209962,5806.042624924351,-13386.54646717527,309.684124556825,27.7
1850.0000001475198,-18982.80881694867,5564.809649778436,-13417.999167170234,297.0762984197878,27.7
1860.000000149557,-19051.941654948383,5578.036964892186,-13473.904690056197,297.0602966707259,27.7
1870.0000001515943,-19382.554112228438,5600.676641750413,-13781.877470478024,298.79625641598847,27.7
1880.0000001536316,-18725.52760067368,5440.1766804625095,-13285.350920211169,290.9831905931414,27.7
1890.0000001556689,-19302.768631174953,5488.349221578917,-13814.419409596036,292.02414789551983,27.7
1900.0000001577062,-19267.34025739728,5561.467916326706,-13705.872341070575,298.340099178926,27.7
1910.0000001597434,-19479.72497817883,5604.9089300601845,-13874.816048118646,298.0353678329013,27.7
1920.0000001617807,-18981.51697861168,5455.870719788769,-13525.64625882291,291.3227282965092,27.7
1930.000000163818,-19289.198449828287,5638.72590219239,-13650.472547635898,301.44045957959213,27.7
1940.0000001658552,-19221.46287365889,5625.633006817844,-13595.829866841046,300.1772093924025,27.7
1950.0000001678925,-19274.96095536725,5679.240375318172,-13595.720580049077,301.5331292929384,27.7
1960.0000001699298,-19122.797831088727,5542.505038771079,-13580.292792317647,295.43963285447035,27.7
1970.000000171967,-19040.252167055874,5341.695900581136,-13698.556266474738,285.796735709754,27.7
1980.0000001740043,-19655.70766707149,5510.861092145492,-14144.846574925996,294.12454069028763,27.7
1990.0000001760416,-19361.290139749097,5346.448365272086,-14014.84177447701,285.556610668005,27.7
2000.0000001780788,-19377.823889564985,5517.865338696835,-13859.958550868148,294.12349548689406,27.7
2010.000000180116,-19248.914760753516,5728.265757905894,-13520.649002847622,306.0966087467276,27.7
2020.0000001821534,-19326.736827781962,5828.570637642018,-13498.166190139946,312.32327146718393,27.7
2030.0000001841906,-19147.12450159379,5644.276938245139,-13502.84756334865,300.0510513372932,27.7
2040.000000186228,-19234.355559505966,5594.408935626401,-13639.946623879565,298.33862811089534,27.7
2050.000000188265,-19665.857437137576,5738.654161777513,-13927.203275360063,306.18164693423336,27.7
2060.000000190302,-19367.12011452387,5672.7192025092,-13694.40091201467,301.2671093691011,27.7
2070.0000001923395,-19283.403008388537,5864.278947979533,-13419.124060409005,312.9273186974426,27.7
2080.0000001943768,-19042.796161406186,5546.412249662685,-13496.383911743502,296.7571971382478,27.7
2090.000000196414,-19141.300854419238,5547.9142853432695,-13593.386569075969,295.8448055720665,27.7
2100.0000001984513,-19226.397324541576,5558.664520916031,-13667.732803625546,296.8826078167211,27.7
2110.0000002004886,-19350.279977655373,5534.315503037201,-13815.964474618173,294.56149719105764,27.7
2120.000000202526,-19302.00127699653,5663.739028460668,-13638.26224853586,301.7920876275698,27.7
2130.000000204563,-19083.070687577132,5654.6079958437485,-13428.462691733384,300.96508961702244,27.7
2140.0000002066004,-19139.98348673172,5668.960625858659,-13471.02286087306,302.38954547112127,27.7
2150.0000002086376,-19113.81223521091,5539.666551282575,-13574.145683928335,294.89399980226347,27.7
2160.000000210675,-19048.482379904588,5471.041859095848,-13577.440520808741,291.1198986212458,27.7
2170.000000212712,-19338.349156197175,5609.084004516526,-13729.265151680649,299.78407633675056,27.7
2180.0000002147494,-19398.881746087696,5520.007272664905,-13878.874473422791,293.5079159739858,27.7
2190.0000002167867,-19200.92502420063,5542.784085757835,-13658.140938442797,295.3941946267278,27.7
2200.000000218824,-19342.60530467541,5657.067537032543,-13685.537767642865,302.08086701262306,27.7
2210.0000002208612,-19608.291402365805,5546.864071659422,-14061.427330706383,295.77791570781704,27.7
2220.0000002228985,-19151.366197501386,5708.023462051351,-13443.342735450035,303.4404769187351,27.7
2230.000000224936,-19096.0660540088,5665.37069950677,-13430.69535450203,301.53503302454885,27.7
2240.000000226973,-19493.772704947165,5734.040716314458,-13759.731988632706,306.4190098039235,27.7
2250.0000002290103,-19211.052271753528,5627.115497582922,-13583.936774170605,299.7554090310767,27.7
2260.0000002310476,-19485.096150168247,5730.955099412544,-13754.141050755703,305.1888208136107,27.7
2270.000000233085,-19075.068870803792,5638.182637968978,-13436.886232834815,300.99289591723874,27.7
2280.000000235122,-19082.366721412884,5717.591817398853,-13364.77490401403,304.2854393720987,27.7
2290.0000002371594,-19173.4233240896,5543.276513267365,-13630.146810822234,295.23479742766443,27.7
2300.0000002391967,-19280.439597014803,5571.342235318911,-13709.097361695893,296.6631315997395,27.7
2310.000000241234,-19142.66188041292,5662.971579584392,-13479.69030082853,302.5039848261496,27.7
2320.000000243271,-19591.21812633821,5565.821547474039,-14025.396578864173,297.89358805508726,27.7
2330.0000002453085,-19224.95537805772,5462.555106117991,-13762.400271939729,291.7011168829692,27.7
2340.0000002473457,-19168.04698985952,5685.884656344437,-13482.162333515082,301.81966928588514,27.7
2350.000000249383,-19344.143587883078,5628.773543926566,-13715.370043956511,300.2268421210963,27.7
2360.0000002514203,-19228.020510023245,5579.607767191848,-13648.412742831397,298.11607213372366,27.7
2370.0000002534575,-19306.766881475574,5623.721159759398,-13683.045721716177,299.4810828134453,27.7
2380.000000255495,-18943.863619445347,5515.180092501011,-13428.683526944336,293.8054162174383,27.7
2390.000000257532,-19312.840066587567,5569.730647058614,-13743.109419528953,296.3049083037866,27.7
2400.0000002595693,-19255.24003459642,5706.018851444723,-13549.221183151698,303.6686418029846,27.7
2410.0000002616066,-19352.620299947936,5732.925204014225,-13619.695095933712,305.6440693213399,27.7
2420.000000263644,-19315.32031162551,5451.945774105885,-13863.374537519625,291.8802838916681,27.7
2430.000000265681,-19176.272901253462,5292.570082821184,-13883.702818432277,280.336209666501,27.7
2440.0000002677184,-19235.496117205734,5590.28305546012,-13645.213061745613,298.8557792076068,27.7
2450.0000002697557,-19257.323579446485,5628.689924864977,-13628.633654581508,299.98932270271735,27.7
2460.000000271793,-19212.94825948098,5517.379671492124,-13695.568587988859,293.2687523203213,27.7
2470.00000027383,-19337.02045620071,5598.684500643701,-13738.33595555701,299.5927801529789,27.7
2480.0000002758675,-19188.41075574385,5649.499463685624,-13538.911292058227,299.7673481801977,27.7
2490.0000002779047,-19504.7340561322,5533.593430508648,-13971.140625623553,294.1295989170723,27.7
2500.000000279942,-19395.909873065204,5654.599304109552,-13741.310568955652,302.3323917627218,27.7
2510.0000002819793,-19030.00335948328,5586.708354657193,-13443.295004826086,298.67460747507346,27.7
2520.0000002840166,-19226.166117867946,5673.950745820422,-13552.215372047525,303.07374140867915,27.7
2530.000000286054,-19222.634359697095,5612.00746472033,-13610.626894976765,298.35024302529104,27.7
2540.000000288091,-19059.40023226493,5547.260647337648,-13512.139584927281,296.8764183297215,27.7
2550.0000002901284,-19358.00731477814,5596.7009738359075,-13761.306340942232,298.343715280427,27.7
2560.0000002921656,-18938.736952984167,5517.782387339007,-13420.95456564516,293.7540364416564,27.7
2570.000000294203,-19219.2328246916,5533.345643210081,-13685.88718148152,294.9030099104342,27.7
2580.00000029624,-19215.781053934606,5610.164877100003,-13605.616176834603,299.0593474164375,27.7
2590.0000002982774,-19258.347851577073,5607.741289128203,-13650.60656244887,298.66194616247464,27.7
2600.0000003003147,-18982.11441630614,5673.717847081063,-13308.396569225077,302.8332056012832,27.7
2610.000000302352,-19200.596151976435,5596.233214876189,-13604.362937100246,298.5374421033565,27.7
2620.0000003043892,-19260.505116374803,5223.932415647874,-14036.572700726929,278.0464357355119,27.7
2630.0000003064265,-19003.604826184903,5528.293735211003,-13475.3110909739,294.83805823887405,27.7
2640.0000003084638,-19460.88870407016,5500.598023407808,-13960.29068066235,294.1568874680011,27.7
2650.000000310501,-19253.01280830647,5600.6476279509825,-13652.365180355488,298.7721319258791,27.7
2660.0000003125383,-19111.595638859224,5600.8602384653095,-13510.735400393914,299.27739777591324,27.7
2670.0000003145756,-19192.114988679186,5518.87378678754,-13673.241201891648,294.9519480433642,27.7
2680.000000316613,-19143.995836885922,5485.091295790567,-13658.904541095355,294.07595192739615,27.7
2690.00000031865,-19125.41886406291,5493.318736990773,-13632.100127072139,293.53895444460306,27.7
2700.0000003206874,-19187.484626959624,5644.700900096835,-13542.783726862788,300.07257131711737,27.7
2710.0000003227246,-19038.988433229515,5628.653898649566,-13410.33453457995,300.83235838039525,27.7
2720.000000324762,-19554.175323169733,5341.016325389474,-14213.158997780258,284.71048724189484,27.7
2730.000000326799,-19032.525975091834,5529.259075392154,-13503.26689969968,296.10945395514324,27.7
2740.0000003288364,-19106.438420947077,5595.203464065659,-13511.234956881417,298.6081048945762,27.7
2750.0000003308737,-19082.08731794155,5537.020124315062,-13545.067193626488,293.70866335145445,27.7
2760.000000332911,-19125.661090467234,5356.939529106589,-13768.721561360646,284.804090404905,27.7
2770.0000003349483,-19097.231682767197,5477.061613008901,-13620.170069758296,292.7574301628674,27.7
2780.0000003369855,-19312.032837078517,5562.261831575752,-13749.771005502766,296.0557811832704,27.7
2790.000000339023,-19504.375221267615,5560.117835082125,-13944.25738618549,295.72363797055027,27.7
2800.00000034106,-19300.823017291896,5577.524603540326,-13723.29841375157,296.36783522935633,27.7
2810.0000003430973,-19132.332787966774,5627.998226584987,-13504.334561381787,301.073682970148,27.7
2820.0000003451346,-19020.851517310482,5553.258414697561,-13467.593102612922,295.32264017114244,27.7
2830.000000347172,-19320.558906486454,5391.864040859683,-13928.69486562677,287.56096186560035,27.7
2840.000000349209,-19069.677185328575,5688.842705113116,-13380.83448021546,304.2850082026831,27.7
2850.0000003512464,-19372.229536999937,5579.758045068051,-13792.471491931887,298.2800494572955,27.7
2860.0000003532837,-19327.75057837915,5594.8177258531305,-13732.932852526019,297.9992175065661,27.7
2870.000000355321,-19459.21650134318,5656.80725558043,-13802.40924576275,300.43535281255475,27.7
2880.000000357358,-19317.900275522217,5510.027360019946,-13807.87291550227,293.70930253062033,27.7
2890.0000003593955,-19362.747670003482,5576.229225372974,-13786.518444630508,296.6922260561482,27.7
2900.0000003614327,-19446.40395344517,5653.1709398968915,-13793.233013548277,300.8578506027224,27.7
2910.00000036347,-19239.020983668343,5470.767812021678,-13768.253171646666,291.6662827546442,27.7
2920.0000003655073,-19244.537369049078,5620.8830955779395,-13623.654273471138,299.62794390865395,27.7
2930.0000003675445,-19270.74847888968,5581.406942110319,-13689.34153677936,296.74990135589417,27.7
2940.000000369582,-19269.9093049671,5522.913110064033,-13746.996194903066,294.9960094336999,27.7
2950.000000371619,-19209.56112808454,5493.970562348462,-13715.590565736078,292.7692911253332,27.7
2960.0000003736563,-19306.322017363767,5331.696605975603,-13974.625411388164,285.2116631157108,27.7
2970.0000003756936,-19155.058255143806,5500.490026656973,-13654.568228486833,294.22191318437007,27.7
2980.000000377731,-19194.30678345744,5378.586467451822,-13815.720316005618,286.3730161830467,27.7
2990.000000379768,-19092.935221340093,5654.03088045863,-13438.904340881461,301.63694097568816,27.7
3000.0000003818054,-19139.464612648688,5713.6961843843765,-13425.768428264311,305.5417762262077,27.7
